{"/Users/azumag/work/opencode-rate-limit-fallback/index.ts": {"path":"/Users/azumag/work/opencode-rate-limit-fallback/index.ts","statementMap":{"0":{"start":{"line":66,"column":2},"end":{"line":70,"column":null}},"1":{"start":{"line":74,"column":2},"end":{"line":77,"column":null}},"2":{"start":{"line":81,"column":2},"end":{"line":83,"column":null}},"3":{"start":{"line":86,"column":49},"end":{"line":90,"column":null}},"4":{"start":{"line":92,"column":45},"end":{"line":92,"column":null}},"5":{"start":{"line":94,"column":30},"end":{"line":106,"column":null}},"6":{"start":{"line":108,"column":37},"end":{"line":113,"column":null}},"7":{"start":{"line":116,"column":18},"end":{"line":116,"column":null}},"8":{"start":{"line":117,"column":22},"end":{"line":122,"column":null}},"9":{"start":{"line":124,"column":2},"end":{"line":142,"column":null}},"10":{"start":{"line":125,"column":4},"end":{"line":141,"column":null}},"11":{"start":{"line":126,"column":6},"end":{"line":140,"column":null}},"12":{"start":{"line":127,"column":14},"end":{"line":127,"column":null}},"13":{"start":{"line":128,"column":27},"end":{"line":128,"column":null}},"14":{"start":{"line":129,"column":21},"end":{"line":129,"column":null}},"15":{"start":{"line":130,"column":8},"end":{"line":135,"column":null}},"16":{"start":{"line":137,"column":8},"end":{"line":139,"column":null}},"17":{"start":{"line":138,"column":10},"end":{"line":138,"column":null}},"18":{"start":{"line":144,"column":2},"end":{"line":144,"column":null}},"19":{"start":{"line":148,"column":2},"end":{"line":148,"column":null}},"20":{"start":{"line":152,"column":2},"end":{"line":152,"column":null}},"21":{"start":{"line":152,"column":43},"end":{"line":152,"column":null}},"22":{"start":{"line":154,"column":14},"end":{"line":154,"column":null}},"23":{"start":{"line":156,"column":2},"end":{"line":158,"column":null}},"24":{"start":{"line":157,"column":4},"end":{"line":157,"column":null}},"25":{"start":{"line":160,"column":23},"end":{"line":160,"column":null}},"26":{"start":{"line":161,"column":18},"end":{"line":161,"column":null}},"27":{"start":{"line":162,"column":20},"end":{"line":162,"column":null}},"28":{"start":{"line":164,"column":2},"end":{"line":169,"column":null}},"29":{"start":{"line":166,"column":6},"end":{"line":168,"column":null}},"30":{"start":{"line":172,"column":41},"end":{"line":444,"column":null}},"31":{"start":{"line":173,"column":17},"end":{"line":173,"column":null}},"32":{"start":{"line":175,"column":2},"end":{"line":177,"column":null}},"33":{"start":{"line":176,"column":4},"end":{"line":176,"column":null}},"34":{"start":{"line":179,"column":28},"end":{"line":179,"column":null}},"35":{"start":{"line":180,"column":21},"end":{"line":180,"column":null}},"36":{"start":{"line":181,"column":30},"end":{"line":181,"column":null}},"37":{"start":{"line":182,"column":29},"end":{"line":182,"column":null}},"38":{"start":{"line":185,"column":16},"end":{"line":185,"column":null}},"39":{"start":{"line":186,"column":22},"end":{"line":186,"column":null}},"40":{"start":{"line":187,"column":4},"end":{"line":187,"column":null}},"41":{"start":{"line":187,"column":20},"end":{"line":187,"column":null}},"42":{"start":{"line":188,"column":4},"end":{"line":191,"column":null}},"43":{"start":{"line":189,"column":6},"end":{"line":189,"column":null}},"44":{"start":{"line":190,"column":6},"end":{"line":190,"column":null}},"45":{"start":{"line":192,"column":4},"end":{"line":192,"column":null}},"46":{"start":{"line":196,"column":16},"end":{"line":196,"column":null}},"47":{"start":{"line":197,"column":4},"end":{"line":197,"column":null}},"48":{"start":{"line":201,"column":23},"end":{"line":201,"column":null}},"49":{"start":{"line":202,"column":23},"end":{"line":202,"column":null}},"50":{"start":{"line":202,"column":60},"end":{"line":202,"column":111}},"51":{"start":{"line":204,"column":4},"end":{"line":210,"column":null}},"52":{"start":{"line":204,"column":17},"end":{"line":204,"column":33}},"53":{"start":{"line":205,"column":20},"end":{"line":205,"column":null}},"54":{"start":{"line":206,"column":18},"end":{"line":206,"column":null}},"55":{"start":{"line":207,"column":6},"end":{"line":209,"column":null}},"56":{"start":{"line":208,"column":8},"end":{"line":208,"column":null}},"57":{"start":{"line":212,"column":4},"end":{"line":218,"column":null}},"58":{"start":{"line":212,"column":17},"end":{"line":212,"column":20}},"59":{"start":{"line":213,"column":20},"end":{"line":213,"column":null}},"60":{"start":{"line":214,"column":18},"end":{"line":214,"column":null}},"61":{"start":{"line":215,"column":6},"end":{"line":217,"column":null}},"62":{"start":{"line":216,"column":8},"end":{"line":216,"column":null}},"63":{"start":{"line":220,"column":4},"end":{"line":220,"column":null}},"64":{"start":{"line":224,"column":4},"end":{"line":405,"column":null}},"65":{"start":{"line":226,"column":27},"end":{"line":226,"column":null}},"66":{"start":{"line":227,"column":6},"end":{"line":229,"column":null}},"67":{"start":{"line":228,"column":8},"end":{"line":228,"column":null}},"68":{"start":{"line":230,"column":6},"end":{"line":230,"column":null}},"69":{"start":{"line":233,"column":6},"end":{"line":239,"column":null}},"70":{"start":{"line":234,"column":24},"end":{"line":234,"column":null}},"71":{"start":{"line":235,"column":8},"end":{"line":238,"column":null}},"72":{"start":{"line":236,"column":10},"end":{"line":236,"column":null}},"73":{"start":{"line":237,"column":10},"end":{"line":237,"column":null}},"74":{"start":{"line":241,"column":6},"end":{"line":241,"column":null}},"75":{"start":{"line":243,"column":6},"end":{"line":250,"column":null}},"76":{"start":{"line":252,"column":29},"end":{"line":252,"column":null}},"77":{"start":{"line":253,"column":6},"end":{"line":256,"column":null}},"78":{"start":{"line":254,"column":8},"end":{"line":254,"column":null}},"79":{"start":{"line":255,"column":8},"end":{"line":255,"column":null}},"80":{"start":{"line":258,"column":23},"end":{"line":258,"column":null}},"81":{"start":{"line":259,"column":30},"end":{"line":259,"column":null}},"82":{"start":{"line":259,"column":64},"end":{"line":259,"column":86}},"83":{"start":{"line":260,"column":6},"end":{"line":260,"column":null}},"84":{"start":{"line":260,"column":28},"end":{"line":260,"column":null}},"85":{"start":{"line":262,"column":23},"end":{"line":262,"column":null}},"86":{"start":{"line":263,"column":18},"end":{"line":263,"column":null}},"87":{"start":{"line":265,"column":6},"end":{"line":268,"column":null}},"88":{"start":{"line":266,"column":8},"end":{"line":266,"column":null}},"89":{"start":{"line":267,"column":8},"end":{"line":267,"column":null}},"90":{"start":{"line":270,"column":6},"end":{"line":273,"column":null}},"91":{"start":{"line":271,"column":8},"end":{"line":271,"column":null}},"92":{"start":{"line":272,"column":8},"end":{"line":272,"column":null}},"93":{"start":{"line":275,"column":22},"end":{"line":275,"column":null}},"94":{"start":{"line":278,"column":6},"end":{"line":314,"column":null}},"95":{"start":{"line":279,"column":8},"end":{"line":312,"column":null}},"96":{"start":{"line":281,"column":10},"end":{"line":281,"column":null}},"97":{"start":{"line":282,"column":10},"end":{"line":284,"column":null}},"98":{"start":{"line":283,"column":12},"end":{"line":283,"column":null}},"99":{"start":{"line":285,"column":10},"end":{"line":285,"column":null}},"100":{"start":{"line":286,"column":8},"end":{"line":312,"column":null}},"101":{"start":{"line":288,"column":28},"end":{"line":288,"column":null}},"102":{"start":{"line":289,"column":10},"end":{"line":311,"column":null}},"103":{"start":{"line":290,"column":39},"end":{"line":290,"column":null}},"104":{"start":{"line":292,"column":12},"end":{"line":310,"column":null}},"105":{"start":{"line":294,"column":14},"end":{"line":294,"column":null}},"106":{"start":{"line":295,"column":14},"end":{"line":302,"column":null}},"107":{"start":{"line":305,"column":14},"end":{"line":305,"column":null}},"108":{"start":{"line":306,"column":14},"end":{"line":308,"column":null}},"109":{"start":{"line":307,"column":16},"end":{"line":307,"column":null}},"110":{"start":{"line":309,"column":14},"end":{"line":309,"column":null}},"111":{"start":{"line":316,"column":6},"end":{"line":330,"column":null}},"112":{"start":{"line":317,"column":8},"end":{"line":326,"column":null}},"113":{"start":{"line":327,"column":8},"end":{"line":327,"column":null}},"114":{"start":{"line":328,"column":8},"end":{"line":328,"column":null}},"115":{"start":{"line":329,"column":8},"end":{"line":329,"column":null}},"116":{"start":{"line":332,"column":6},"end":{"line":332,"column":null}},"117":{"start":{"line":333,"column":6},"end":{"line":333,"column":null}},"118":{"start":{"line":335,"column":35},"end":{"line":346,"column":null}},"119":{"start":{"line":337,"column":23},"end":{"line":337,"column":null}},"120":{"start":{"line":338,"column":10},"end":{"line":338,"column":null}},"121":{"start":{"line":341,"column":23},"end":{"line":341,"column":null}},"122":{"start":{"line":342,"column":10},"end":{"line":342,"column":null}},"123":{"start":{"line":342,"column":36},"end":{"line":342,"column":null}},"124":{"start":{"line":343,"column":10},"end":{"line":343,"column":null}},"125":{"start":{"line":343,"column":36},"end":{"line":343,"column":null}},"126":{"start":{"line":344,"column":10},"end":{"line":344,"column":null}},"127":{"start":{"line":346,"column":41},"end":{"line":346,"column":51}},"128":{"start":{"line":348,"column":6},"end":{"line":351,"column":null}},"129":{"start":{"line":349,"column":8},"end":{"line":349,"column":null}},"130":{"start":{"line":350,"column":8},"end":{"line":350,"column":null}},"131":{"start":{"line":353,"column":6},"end":{"line":360,"column":null}},"132":{"start":{"line":363,"column":6},"end":{"line":363,"column":null}},"133":{"start":{"line":366,"column":23},"end":{"line":377,"column":null}},"134":{"start":{"line":367,"column":8},"end":{"line":369,"column":null}},"135":{"start":{"line":368,"column":10},"end":{"line":368,"column":null}},"136":{"start":{"line":372,"column":8},"end":{"line":376,"column":null}},"137":{"start":{"line":379,"column":6},"end":{"line":385,"column":null}},"138":{"start":{"line":387,"column":6},"end":{"line":394,"column":null}},"139":{"start":{"line":396,"column":6},"end":{"line":396,"column":null}},"140":{"start":{"line":401,"column":6},"end":{"line":401,"column":null}},"141":{"start":{"line":402,"column":6},"end":{"line":404,"column":null}},"142":{"start":{"line":403,"column":8},"end":{"line":403,"column":null}},"143":{"start":{"line":408,"column":2},"end":{"line":443,"column":null}},"144":{"start":{"line":410,"column":6},"end":{"line":415,"column":null}},"145":{"start":{"line":411,"column":37},"end":{"line":411,"column":null}},"146":{"start":{"line":412,"column":8},"end":{"line":414,"column":null}},"147":{"start":{"line":413,"column":10},"end":{"line":413,"column":null}},"148":{"start":{"line":417,"column":6},"end":{"line":422,"column":null}},"149":{"start":{"line":418,"column":21},"end":{"line":418,"column":null}},"150":{"start":{"line":419,"column":8},"end":{"line":421,"column":null}},"151":{"start":{"line":420,"column":10},"end":{"line":420,"column":null}},"152":{"start":{"line":424,"column":6},"end":{"line":441,"column":null}},"153":{"start":{"line":425,"column":22},"end":{"line":425,"column":null}},"154":{"start":{"line":426,"column":23},"end":{"line":426,"column":null}},"155":{"start":{"line":428,"column":8},"end":{"line":440,"column":null}},"156":{"start":{"line":429,"column":26},"end":{"line":429,"column":null}},"157":{"start":{"line":431,"column":12},"end":{"line":434,"column":null}},"158":{"start":{"line":436,"column":10},"end":{"line":439,"column":null}},"159":{"start":{"line":438,"column":12},"end":{"line":438,"column":null}}},"fnMap":{"0":{"name":"isSessionErrorEvent","decl":{"start":{"line":65,"column":9},"end":{"line":65,"column":29}},"loc":{"start":{"line":65,"column":152},"end":{"line":71,"column":null}},"line":65},"1":{"name":"isMessageUpdatedEvent","decl":{"start":{"line":73,"column":9},"end":{"line":73,"column":31}},"loc":{"start":{"line":73,"column":158},"end":{"line":78,"column":null}},"line":73},"2":{"name":"isSessionStatusEvent","decl":{"start":{"line":80,"column":9},"end":{"line":80,"column":30}},"loc":{"start":{"line":80,"column":155},"end":{"line":84,"column":null}},"line":80},"3":{"name":"loadConfig","decl":{"start":{"line":115,"column":9},"end":{"line":115,"column":20}},"loc":{"start":{"line":115,"column":53},"end":{"line":145,"column":null}},"line":115},"4":{"name":"getModelKey","decl":{"start":{"line":147,"column":9},"end":{"line":147,"column":21}},"loc":{"start":{"line":147,"column":66},"end":{"line":149,"column":null}},"line":147},"5":{"name":"isRateLimitError","decl":{"start":{"line":151,"column":9},"end":{"line":151,"column":26}},"loc":{"start":{"line":151,"column":51},"end":{"line":170,"column":null}},"line":151},"6":{"name":"(anonymous_6)","decl":{"start":{"line":165,"column":4},"end":{"line":165,"column":5}},"loc":{"start":{"line":166,"column":6},"end":{"line":168,"column":null}},"line":166},"7":{"name":"(anonymous_7)","decl":{"start":{"line":172,"column":41},"end":{"line":172,"column":48}},"loc":{"start":{"line":172,"column":74},"end":{"line":444,"column":null}},"line":172},"8":{"name":"isModelRateLimited","decl":{"start":{"line":184,"column":11},"end":{"line":184,"column":30}},"loc":{"start":{"line":184,"column":76},"end":{"line":193,"column":null}},"line":184},"9":{"name":"markModelRateLimited","decl":{"start":{"line":195,"column":11},"end":{"line":195,"column":32}},"loc":{"start":{"line":195,"column":75},"end":{"line":198,"column":null}},"line":195},"10":{"name":"findNextAvailableModel","decl":{"start":{"line":200,"column":11},"end":{"line":200,"column":34}},"loc":{"start":{"line":200,"column":137},"end":{"line":221,"column":null}},"line":200},"11":{"name":"(anonymous_11)","decl":{"start":{"line":202,"column":55},"end":{"line":202,"column":60}},"loc":{"start":{"line":202,"column":60},"end":{"line":202,"column":111}},"line":202},"12":{"name":"handleRateLimitFallback","decl":{"start":{"line":223,"column":17},"end":{"line":223,"column":41}},"loc":{"start":{"line":223,"column":111},"end":{"line":406,"column":null}},"line":223},"13":{"name":"(anonymous_13)","decl":{"start":{"line":259,"column":59},"end":{"line":259,"column":64}},"loc":{"start":{"line":259,"column":64},"end":{"line":259,"column":86}},"line":259},"14":{"name":"(anonymous_14)","decl":{"start":{"line":336,"column":16},"end":{"line":336,"column":17}},"loc":{"start":{"line":336,"column":32},"end":{"line":339,"column":9}},"line":336},"15":{"name":"(anonymous_15)","decl":{"start":{"line":340,"column":13},"end":{"line":340,"column":14}},"loc":{"start":{"line":340,"column":49},"end":{"line":345,"column":9}},"line":340},"16":{"name":"(anonymous_16)","decl":{"start":{"line":346,"column":16},"end":{"line":346,"column":17}},"loc":{"start":{"line":346,"column":41},"end":{"line":346,"column":51}},"line":346},"17":{"name":"(anonymous_17)","decl":{"start":{"line":366,"column":33},"end":{"line":366,"column":34}},"loc":{"start":{"line":366,"column":74},"end":{"line":377,"column":7}},"line":366},"18":{"name":"(anonymous_18)","decl":{"start":{"line":409,"column":11},"end":{"line":409,"column":18}},"loc":{"start":{"line":409,"column":32},"end":{"line":442,"column":null}},"line":409}},"branchMap":{"0":{"loc":{"start":{"line":66,"column":9},"end":{"line":70,"column":null}},"type":"binary-expr","locations":[{"start":{"line":66,"column":9},"end":{"line":66,"column":null}},{"start":{"line":67,"column":4},"end":{"line":67,"column":null}},{"start":{"line":68,"column":4},"end":{"line":68,"column":null}},{"start":{"line":69,"column":4},"end":{"line":69,"column":null}},{"start":{"line":70,"column":4},"end":{"line":70,"column":null}}],"line":66},"1":{"loc":{"start":{"line":74,"column":9},"end":{"line":77,"column":null}},"type":"binary-expr","locations":[{"start":{"line":74,"column":9},"end":{"line":74,"column":null}},{"start":{"line":75,"column":4},"end":{"line":75,"column":null}},{"start":{"line":76,"column":4},"end":{"line":76,"column":null}},{"start":{"line":77,"column":4},"end":{"line":77,"column":null}}],"line":74},"2":{"loc":{"start":{"line":81,"column":9},"end":{"line":83,"column":null}},"type":"binary-expr","locations":[{"start":{"line":81,"column":9},"end":{"line":81,"column":null}},{"start":{"line":82,"column":4},"end":{"line":82,"column":null}},{"start":{"line":83,"column":4},"end":{"line":83,"column":null}}],"line":81},"3":{"loc":{"start":{"line":116,"column":18},"end":{"line":116,"column":null}},"type":"binary-expr","locations":[{"start":{"line":116,"column":18},"end":{"line":116,"column":38}},{"start":{"line":116,"column":38},"end":{"line":116,"column":null}}],"line":116},"4":{"loc":{"start":{"line":125,"column":4},"end":{"line":141,"column":null}},"type":"if","locations":[{"start":{"line":125,"column":4},"end":{"line":141,"column":null}},{"start":{},"end":{}}],"line":125},"5":{"loc":{"start":{"line":133,"column":26},"end":{"line":133,"column":null}},"type":"binary-expr","locations":[{"start":{"line":133,"column":26},"end":{"line":133,"column":55}},{"start":{"line":133,"column":55},"end":{"line":133,"column":null}}],"line":133},"6":{"loc":{"start":{"line":134,"column":24},"end":{"line":134,"column":null}},"type":"cond-expr","locations":[{"start":{"line":134,"column":62},"end":{"line":134,"column":69}},{"start":{"line":134,"column":69},"end":{"line":134,"column":null}}],"line":134},"7":{"loc":{"start":{"line":137,"column":8},"end":{"line":139,"column":null}},"type":"if","locations":[{"start":{"line":137,"column":8},"end":{"line":139,"column":null}},{"start":{},"end":{}}],"line":137},"8":{"loc":{"start":{"line":152,"column":2},"end":{"line":152,"column":null}},"type":"if","locations":[{"start":{"line":152,"column":2},"end":{"line":152,"column":null}},{"start":{},"end":{}}],"line":152},"9":{"loc":{"start":{"line":152,"column":6},"end":{"line":152,"column":43}},"type":"binary-expr","locations":[{"start":{"line":152,"column":6},"end":{"line":152,"column":16}},{"start":{"line":152,"column":16},"end":{"line":152,"column":43}}],"line":152},"10":{"loc":{"start":{"line":156,"column":2},"end":{"line":158,"column":null}},"type":"if","locations":[{"start":{"line":156,"column":2},"end":{"line":158,"column":null}},{"start":{},"end":{}}],"line":156},"11":{"loc":{"start":{"line":156,"column":6},"end":{"line":156,"column":92}},"type":"binary-expr","locations":[{"start":{"line":156,"column":6},"end":{"line":156,"column":34}},{"start":{"line":156,"column":34},"end":{"line":156,"column":92}}],"line":156},"12":{"loc":{"start":{"line":160,"column":31},"end":{"line":160,"column":87}},"type":"binary-expr","locations":[{"start":{"line":160,"column":31},"end":{"line":160,"column":85}},{"start":{"line":160,"column":85},"end":{"line":160,"column":87}}],"line":160},"13":{"loc":{"start":{"line":161,"column":26},"end":{"line":161,"column":92}},"type":"binary-expr","locations":[{"start":{"line":161,"column":26},"end":{"line":161,"column":75}},{"start":{"line":161,"column":75},"end":{"line":161,"column":90}},{"start":{"line":161,"column":90},"end":{"line":161,"column":92}}],"line":161},"14":{"loc":{"start":{"line":162,"column":27},"end":{"line":162,"column":41}},"type":"binary-expr","locations":[{"start":{"line":162,"column":27},"end":{"line":162,"column":39}},{"start":{"line":162,"column":39},"end":{"line":162,"column":41}}],"line":162},"15":{"loc":{"start":{"line":166,"column":6},"end":{"line":168,"column":null}},"type":"binary-expr","locations":[{"start":{"line":166,"column":6},"end":{"line":166,"column":null}},{"start":{"line":167,"column":6},"end":{"line":167,"column":null}},{"start":{"line":168,"column":6},"end":{"line":168,"column":null}}],"line":166},"16":{"loc":{"start":{"line":175,"column":2},"end":{"line":177,"column":null}},"type":"if","locations":[{"start":{"line":175,"column":2},"end":{"line":177,"column":null}},{"start":{},"end":{}}],"line":175},"17":{"loc":{"start":{"line":187,"column":4},"end":{"line":187,"column":null}},"type":"if","locations":[{"start":{"line":187,"column":4},"end":{"line":187,"column":null}},{"start":{},"end":{}}],"line":187},"18":{"loc":{"start":{"line":188,"column":4},"end":{"line":191,"column":null}},"type":"if","locations":[{"start":{"line":188,"column":4},"end":{"line":191,"column":null}},{"start":{},"end":{}}],"line":188},"19":{"loc":{"start":{"line":207,"column":6},"end":{"line":209,"column":null}},"type":"if","locations":[{"start":{"line":207,"column":6},"end":{"line":209,"column":null}},{"start":{},"end":{}}],"line":207},"20":{"loc":{"start":{"line":207,"column":10},"end":{"line":207,"column":93}},"type":"binary-expr","locations":[{"start":{"line":207,"column":10},"end":{"line":207,"column":39}},{"start":{"line":207,"column":39},"end":{"line":207,"column":93}}],"line":207},"21":{"loc":{"start":{"line":212,"column":20},"end":{"line":212,"column":73}},"type":"binary-expr","locations":[{"start":{"line":212,"column":20},"end":{"line":212,"column":39}},{"start":{"line":212,"column":39},"end":{"line":212,"column":73}}],"line":212},"22":{"loc":{"start":{"line":215,"column":6},"end":{"line":217,"column":null}},"type":"if","locations":[{"start":{"line":215,"column":6},"end":{"line":217,"column":null}},{"start":{},"end":{}}],"line":215},"23":{"loc":{"start":{"line":215,"column":10},"end":{"line":215,"column":93}},"type":"binary-expr","locations":[{"start":{"line":215,"column":10},"end":{"line":215,"column":39}},{"start":{"line":215,"column":39},"end":{"line":215,"column":93}}],"line":215},"24":{"loc":{"start":{"line":227,"column":6},"end":{"line":229,"column":null}},"type":"if","locations":[{"start":{"line":227,"column":6},"end":{"line":229,"column":null}},{"start":{},"end":{}}],"line":227},"25":{"loc":{"start":{"line":227,"column":10},"end":{"line":227,"column":60}},"type":"binary-expr","locations":[{"start":{"line":227,"column":10},"end":{"line":227,"column":26}},{"start":{"line":227,"column":26},"end":{"line":227,"column":60}}],"line":227},"26":{"loc":{"start":{"line":233,"column":6},"end":{"line":239,"column":null}},"type":"if","locations":[{"start":{"line":233,"column":6},"end":{"line":239,"column":null}},{"start":{},"end":{}}],"line":233},"27":{"loc":{"start":{"line":233,"column":10},"end":{"line":233,"column":49}},"type":"binary-expr","locations":[{"start":{"line":233,"column":10},"end":{"line":233,"column":32}},{"start":{"line":233,"column":32},"end":{"line":233,"column":49}}],"line":233},"28":{"loc":{"start":{"line":235,"column":8},"end":{"line":238,"column":null}},"type":"if","locations":[{"start":{"line":235,"column":8},"end":{"line":238,"column":null}},{"start":{},"end":{}}],"line":235},"29":{"loc":{"start":{"line":246,"column":37},"end":{"line":246,"column":70}},"type":"binary-expr","locations":[{"start":{"line":246,"column":37},"end":{"line":246,"column":55}},{"start":{"line":246,"column":55},"end":{"line":246,"column":70}}],"line":246},"30":{"loc":{"start":{"line":253,"column":6},"end":{"line":256,"column":null}},"type":"if","locations":[{"start":{"line":253,"column":6},"end":{"line":256,"column":null}},{"start":{},"end":{}}],"line":253},"31":{"loc":{"start":{"line":260,"column":6},"end":{"line":260,"column":null}},"type":"if","locations":[{"start":{"line":260,"column":6},"end":{"line":260,"column":null}},{"start":{},"end":{}}],"line":260},"32":{"loc":{"start":{"line":265,"column":6},"end":{"line":268,"column":null}},"type":"if","locations":[{"start":{"line":265,"column":6},"end":{"line":268,"column":null}},{"start":{},"end":{}}],"line":265},"33":{"loc":{"start":{"line":265,"column":10},"end":{"line":265,"column":64}},"type":"binary-expr","locations":[{"start":{"line":265,"column":10},"end":{"line":265,"column":20}},{"start":{"line":265,"column":20},"end":{"line":265,"column":64}}],"line":265},"34":{"loc":{"start":{"line":270,"column":6},"end":{"line":273,"column":null}},"type":"if","locations":[{"start":{"line":270,"column":6},"end":{"line":273,"column":null}},{"start":{},"end":{}}],"line":270},"35":{"loc":{"start":{"line":270,"column":10},"end":{"line":270,"column":47}},"type":"binary-expr","locations":[{"start":{"line":270,"column":10},"end":{"line":270,"column":31}},{"start":{"line":270,"column":31},"end":{"line":270,"column":47}}],"line":270},"36":{"loc":{"start":{"line":275,"column":45},"end":{"line":275,"column":70}},"type":"binary-expr","locations":[{"start":{"line":275,"column":45},"end":{"line":275,"column":66}},{"start":{"line":275,"column":66},"end":{"line":275,"column":70}}],"line":275},"37":{"loc":{"start":{"line":275,"column":70},"end":{"line":275,"column":92}},"type":"binary-expr","locations":[{"start":{"line":275,"column":70},"end":{"line":275,"column":88}},{"start":{"line":275,"column":88},"end":{"line":275,"column":92}}],"line":275},"38":{"loc":{"start":{"line":278,"column":6},"end":{"line":314,"column":null}},"type":"if","locations":[{"start":{"line":278,"column":6},"end":{"line":314,"column":null}},{"start":{},"end":{}}],"line":278},"39":{"loc":{"start":{"line":278,"column":10},"end":{"line":278,"column":56}},"type":"binary-expr","locations":[{"start":{"line":278,"column":10},"end":{"line":278,"column":24}},{"start":{"line":278,"column":24},"end":{"line":278,"column":56}}],"line":278},"40":{"loc":{"start":{"line":279,"column":8},"end":{"line":312,"column":null}},"type":"if","locations":[{"start":{"line":279,"column":8},"end":{"line":312,"column":null}},{"start":{"line":286,"column":8},"end":{"line":312,"column":null}}],"line":279},"41":{"loc":{"start":{"line":282,"column":10},"end":{"line":284,"column":null}},"type":"if","locations":[{"start":{"line":282,"column":10},"end":{"line":284,"column":null}},{"start":{},"end":{}}],"line":282},"42":{"loc":{"start":{"line":282,"column":14},"end":{"line":282,"column":51}},"type":"binary-expr","locations":[{"start":{"line":282,"column":14},"end":{"line":282,"column":35}},{"start":{"line":282,"column":35},"end":{"line":282,"column":51}}],"line":282},"43":{"loc":{"start":{"line":286,"column":8},"end":{"line":312,"column":null}},"type":"if","locations":[{"start":{"line":286,"column":8},"end":{"line":312,"column":null}},{"start":{},"end":{}}],"line":286},"44":{"loc":{"start":{"line":289,"column":10},"end":{"line":311,"column":null}},"type":"if","locations":[{"start":{"line":289,"column":10},"end":{"line":311,"column":null}},{"start":{},"end":{}}],"line":289},"45":{"loc":{"start":{"line":290,"column":39},"end":{"line":290,"column":null}},"type":"binary-expr","locations":[{"start":{"line":290,"column":39},"end":{"line":290,"column":85}},{"start":{"line":290,"column":85},"end":{"line":290,"column":null}}],"line":290},"46":{"loc":{"start":{"line":292,"column":12},"end":{"line":310,"column":null}},"type":"if","locations":[{"start":{"line":292,"column":12},"end":{"line":310,"column":null}},{"start":{"line":303,"column":19},"end":{"line":310,"column":null}}],"line":292},"47":{"loc":{"start":{"line":292,"column":16},"end":{"line":292,"column":101}},"type":"binary-expr","locations":[{"start":{"line":292,"column":16},"end":{"line":292,"column":39}},{"start":{"line":292,"column":39},"end":{"line":292,"column":101}}],"line":292},"48":{"loc":{"start":{"line":306,"column":14},"end":{"line":308,"column":null}},"type":"if","locations":[{"start":{"line":306,"column":14},"end":{"line":308,"column":null}},{"start":{},"end":{}}],"line":306},"49":{"loc":{"start":{"line":306,"column":18},"end":{"line":306,"column":55}},"type":"binary-expr","locations":[{"start":{"line":306,"column":18},"end":{"line":306,"column":39}},{"start":{"line":306,"column":39},"end":{"line":306,"column":55}}],"line":306},"50":{"loc":{"start":{"line":316,"column":6},"end":{"line":330,"column":null}},"type":"if","locations":[{"start":{"line":316,"column":6},"end":{"line":330,"column":null}},{"start":{},"end":{}}],"line":316},"51":{"loc":{"start":{"line":320,"column":21},"end":{"line":322,"column":null}},"type":"cond-expr","locations":[{"start":{"line":321,"column":16},"end":{"line":321,"column":null}},{"start":{"line":322,"column":16},"end":{"line":322,"column":null}}],"line":320},"52":{"loc":{"start":{"line":338,"column":17},"end":{"line":338,"column":null}},"type":"binary-expr","locations":[{"start":{"line":338,"column":17},"end":{"line":338,"column":41}},{"start":{"line":338,"column":41},"end":{"line":338,"column":null}}],"line":338},"53":{"loc":{"start":{"line":342,"column":10},"end":{"line":342,"column":null}},"type":"if","locations":[{"start":{"line":342,"column":10},"end":{"line":342,"column":null}},{"start":{},"end":{}}],"line":342},"54":{"loc":{"start":{"line":343,"column":10},"end":{"line":343,"column":null}},"type":"if","locations":[{"start":{"line":343,"column":10},"end":{"line":343,"column":null}},{"start":{},"end":{}}],"line":343},"55":{"loc":{"start":{"line":348,"column":6},"end":{"line":351,"column":null}},"type":"if","locations":[{"start":{"line":348,"column":6},"end":{"line":351,"column":null}},{"start":{},"end":{}}],"line":348},"56":{"loc":{"start":{"line":367,"column":8},"end":{"line":369,"column":null}},"type":"if","locations":[{"start":{"line":367,"column":8},"end":{"line":369,"column":null}},{"start":{},"end":{}}],"line":367},"57":{"loc":{"start":{"line":375,"column":16},"end":{"line":375,"column":null}},"type":"binary-expr","locations":[{"start":{"line":375,"column":16},"end":{"line":375,"column":34}},{"start":{"line":375,"column":34},"end":{"line":375,"column":null}}],"line":375},"58":{"loc":{"start":{"line":402,"column":6},"end":{"line":404,"column":null}},"type":"if","locations":[{"start":{"line":402,"column":6},"end":{"line":404,"column":null}},{"start":{},"end":{}}],"line":402},"59":{"loc":{"start":{"line":410,"column":6},"end":{"line":415,"column":null}},"type":"if","locations":[{"start":{"line":410,"column":6},"end":{"line":415,"column":null}},{"start":{},"end":{}}],"line":410},"60":{"loc":{"start":{"line":412,"column":8},"end":{"line":414,"column":null}},"type":"if","locations":[{"start":{"line":412,"column":8},"end":{"line":414,"column":null}},{"start":{},"end":{}}],"line":412},"61":{"loc":{"start":{"line":412,"column":12},"end":{"line":412,"column":59}},"type":"binary-expr","locations":[{"start":{"line":412,"column":12},"end":{"line":412,"column":25}},{"start":{"line":412,"column":25},"end":{"line":412,"column":34}},{"start":{"line":412,"column":34},"end":{"line":412,"column":59}}],"line":412},"62":{"loc":{"start":{"line":417,"column":6},"end":{"line":422,"column":null}},"type":"if","locations":[{"start":{"line":417,"column":6},"end":{"line":422,"column":null}},{"start":{},"end":{}}],"line":417},"63":{"loc":{"start":{"line":419,"column":8},"end":{"line":421,"column":null}},"type":"if","locations":[{"start":{"line":419,"column":8},"end":{"line":421,"column":null}},{"start":{},"end":{}}],"line":419},"64":{"loc":{"start":{"line":419,"column":12},"end":{"line":419,"column":57}},"type":"binary-expr","locations":[{"start":{"line":419,"column":12},"end":{"line":419,"column":27}},{"start":{"line":419,"column":27},"end":{"line":419,"column":57}}],"line":419},"65":{"loc":{"start":{"line":420,"column":56},"end":{"line":420,"column":79}},"type":"binary-expr","locations":[{"start":{"line":420,"column":56},"end":{"line":420,"column":75}},{"start":{"line":420,"column":75},"end":{"line":420,"column":79}}],"line":420},"66":{"loc":{"start":{"line":420,"column":79},"end":{"line":420,"column":97}},"type":"binary-expr","locations":[{"start":{"line":420,"column":79},"end":{"line":420,"column":95}},{"start":{"line":420,"column":95},"end":{"line":420,"column":97}}],"line":420},"67":{"loc":{"start":{"line":424,"column":6},"end":{"line":441,"column":null}},"type":"if","locations":[{"start":{"line":424,"column":6},"end":{"line":441,"column":null}},{"start":{},"end":{}}],"line":424},"68":{"loc":{"start":{"line":428,"column":8},"end":{"line":440,"column":null}},"type":"if","locations":[{"start":{"line":428,"column":8},"end":{"line":440,"column":null}},{"start":{},"end":{}}],"line":428},"69":{"loc":{"start":{"line":428,"column":12},"end":{"line":428,"column":57}},"type":"binary-expr","locations":[{"start":{"line":428,"column":12},"end":{"line":428,"column":40}},{"start":{"line":428,"column":40},"end":{"line":428,"column":57}}],"line":428},"70":{"loc":{"start":{"line":431,"column":12},"end":{"line":434,"column":null}},"type":"binary-expr","locations":[{"start":{"line":431,"column":12},"end":{"line":431,"column":null}},{"start":{"line":432,"column":12},"end":{"line":432,"column":null}},{"start":{"line":433,"column":12},"end":{"line":433,"column":null}},{"start":{"line":434,"column":12},"end":{"line":434,"column":null}}],"line":431},"71":{"loc":{"start":{"line":436,"column":10},"end":{"line":439,"column":null}},"type":"if","locations":[{"start":{"line":436,"column":10},"end":{"line":439,"column":null}},{"start":{},"end":{}}],"line":436}},"s":{"0":34,"1":34,"2":34,"3":1,"4":1,"5":1,"6":1,"7":45,"8":45,"9":45,"10":147,"11":15,"12":15,"13":15,"14":15,"15":15,"16":4,"17":0,"18":34,"19":179,"20":31,"21":0,"22":31,"23":31,"24":20,"25":11,"26":31,"27":31,"28":31,"29":68,"30":1,"31":45,"32":45,"33":1,"34":44,"35":44,"36":44,"37":44,"38":25,"39":25,"40":25,"41":25,"42":0,"43":0,"44":0,"45":0,"46":2,"47":2,"48":27,"49":27,"50":73,"51":27,"52":27,"53":24,"54":24,"55":24,"56":24,"57":3,"58":3,"59":1,"60":1,"61":1,"62":1,"63":2,"64":30,"65":30,"66":30,"67":1,"68":29,"69":29,"70":27,"71":27,"72":0,"73":0,"74":29,"75":29,"76":29,"77":28,"78":1,"79":1,"80":27,"81":27,"82":27,"83":27,"84":0,"85":27,"86":27,"87":27,"88":27,"89":27,"90":27,"91":2,"92":2,"93":27,"94":30,"95":0,"96":0,"97":0,"98":0,"99":0,"100":0,"101":0,"102":0,"103":0,"104":0,"105":0,"106":0,"107":0,"108":0,"109":0,"110":0,"111":27,"112":2,"113":2,"114":2,"115":2,"116":25,"117":25,"118":25,"119":25,"120":25,"121":24,"122":24,"123":23,"124":1,"125":1,"126":0,"127":24,"128":25,"129":1,"130":1,"131":24,"132":24,"133":24,"134":24,"135":23,"136":1,"137":24,"138":24,"139":24,"140":1,"141":1,"142":0,"143":44,"144":34,"145":31,"146":31,"147":27,"148":34,"149":2,"150":2,"151":2,"152":34,"153":1,"154":1,"155":1,"156":1,"157":1,"158":1,"159":1},"f":{"0":34,"1":34,"2":34,"3":45,"4":179,"5":31,"6":68,"7":45,"8":25,"9":2,"10":27,"11":73,"12":30,"13":27,"14":25,"15":24,"16":24,"17":24,"18":34},"b":{"0":[34,31,31,31,31],"1":[34,2,2,2],"2":[34,1,1],"3":[45,0],"4":[15,132],"5":[15,4],"6":[6,5],"7":[0,4],"8":[0,31],"9":[31,31],"10":[20,11],"11":[31,21],"12":[11,10],"13":[31,2,2],"14":[31,9],"15":[68,67,59],"16":[1,44],"17":[25,0],"18":[0,0],"19":[24,0],"20":[24,24],"21":[3,1],"22":[1,0],"23":[1,1],"24":[1,29],"25":[30,1],"26":[27,2],"27":[29,2],"28":[0,27],"29":[29,27],"30":[1,27],"31":[0,27],"32":[27,0],"33":[27,0],"34":[2,25],"35":[27,2],"36":[27,25],"37":[30,25],"38":[0,30],"39":[30,2],"40":[0,0],"41":[0,0],"42":[0,0],"43":[0,0],"44":[0,0],"45":[0,0],"46":[0,0],"47":[0,0],"48":[0,0],"49":[0,0],"50":[2,25],"51":[1,1],"52":[25,2],"53":[23,1],"54":[1,0],"55":[1,24],"56":[23,1],"57":[1,1],"58":[0,1],"59":[31,3],"60":[27,4],"61":[31,31,29],"62":[2,32],"63":[2,0],"64":[2,2],"65":[2,0],"66":[2,0],"67":[1,33],"68":[1,0],"69":[1,1],"70":[1,1,0,0],"71":[1,0]},"meta":{"lastBranch":72,"lastFunction":19,"lastStatement":160,"seen":{"f:65:9:65:29":0,"s:66:2:70:Infinity":0,"b:66:9:66:Infinity:67:4:67:Infinity:68:4:68:Infinity:69:4:69:Infinity:70:4:70:Infinity":0,"f:73:9:73:31":1,"s:74:2:77:Infinity":1,"b:74:9:74:Infinity:75:4:75:Infinity:76:4:76:Infinity:77:4:77:Infinity":1,"f:80:9:80:30":2,"s:81:2:83:Infinity":2,"b:81:9:81:Infinity:82:4:82:Infinity:83:4:83:Infinity":2,"s:86:49:90:Infinity":3,"s:92:45:92:Infinity":4,"s:94:30:106:Infinity":5,"s:108:37:113:Infinity":6,"f:115:9:115:20":3,"s:116:18:116:Infinity":7,"b:116:18:116:38:116:38:116:Infinity":3,"s:117:22:122:Infinity":8,"s:124:2:142:Infinity":9,"b:125:4:141:Infinity:undefined:undefined:undefined:undefined":4,"s:125:4:141:Infinity":10,"s:126:6:140:Infinity":11,"s:127:14:127:Infinity":12,"s:128:27:128:Infinity":13,"s:129:21:129:Infinity":14,"s:130:8:135:Infinity":15,"b:133:26:133:55:133:55:133:Infinity":5,"b:134:62:134:69:134:69:134:Infinity":6,"b:137:8:139:Infinity:undefined:undefined:undefined:undefined":7,"s:137:8:139:Infinity":16,"s:138:10:138:Infinity":17,"s:144:2:144:Infinity":18,"f:147:9:147:21":4,"s:148:2:148:Infinity":19,"f:151:9:151:26":5,"b:152:2:152:Infinity:undefined:undefined:undefined:undefined":8,"s:152:2:152:Infinity":20,"b:152:6:152:16:152:16:152:43":9,"s:152:43:152:Infinity":21,"s:154:14:154:Infinity":22,"b:156:2:158:Infinity:undefined:undefined:undefined:undefined":10,"s:156:2:158:Infinity":23,"b:156:6:156:34:156:34:156:92":11,"s:157:4:157:Infinity":24,"s:160:23:160:Infinity":25,"b:160:31:160:85:160:85:160:87":12,"s:161:18:161:Infinity":26,"b:161:26:161:75:161:75:161:90:161:90:161:92":13,"s:162:20:162:Infinity":27,"b:162:27:162:39:162:39:162:41":14,"s:164:2:169:Infinity":28,"f:165:4:165:5":6,"s:166:6:168:Infinity":29,"b:166:6:166:Infinity:167:6:167:Infinity:168:6:168:Infinity":15,"s:172:41:444:Infinity":30,"f:172:41:172:48":7,"s:173:17:173:Infinity":31,"b:175:2:177:Infinity:undefined:undefined:undefined:undefined":16,"s:175:2:177:Infinity":32,"s:176:4:176:Infinity":33,"s:179:28:179:Infinity":34,"s:180:21:180:Infinity":35,"s:181:30:181:Infinity":36,"s:182:29:182:Infinity":37,"f:184:11:184:30":8,"s:185:16:185:Infinity":38,"s:186:22:186:Infinity":39,"b:187:4:187:Infinity:undefined:undefined:undefined:undefined":17,"s:187:4:187:Infinity":40,"s:187:20:187:Infinity":41,"b:188:4:191:Infinity:undefined:undefined:undefined:undefined":18,"s:188:4:191:Infinity":42,"s:189:6:189:Infinity":43,"s:190:6:190:Infinity":44,"s:192:4:192:Infinity":45,"f:195:11:195:32":9,"s:196:16:196:Infinity":46,"s:197:4:197:Infinity":47,"f:200:11:200:34":10,"s:201:23:201:Infinity":48,"s:202:23:202:Infinity":49,"f:202:55:202:60":11,"s:202:60:202:111":50,"s:204:4:210:Infinity":51,"s:204:17:204:33":52,"s:205:20:205:Infinity":53,"s:206:18:206:Infinity":54,"b:207:6:209:Infinity:undefined:undefined:undefined:undefined":19,"s:207:6:209:Infinity":55,"b:207:10:207:39:207:39:207:93":20,"s:208:8:208:Infinity":56,"s:212:4:218:Infinity":57,"s:212:17:212:20":58,"b:212:20:212:39:212:39:212:73":21,"s:213:20:213:Infinity":59,"s:214:18:214:Infinity":60,"b:215:6:217:Infinity:undefined:undefined:undefined:undefined":22,"s:215:6:217:Infinity":61,"b:215:10:215:39:215:39:215:93":23,"s:216:8:216:Infinity":62,"s:220:4:220:Infinity":63,"f:223:17:223:41":12,"s:224:4:405:Infinity":64,"s:226:27:226:Infinity":65,"b:227:6:229:Infinity:undefined:undefined:undefined:undefined":24,"s:227:6:229:Infinity":66,"b:227:10:227:26:227:26:227:60":25,"s:228:8:228:Infinity":67,"s:230:6:230:Infinity":68,"b:233:6:239:Infinity:undefined:undefined:undefined:undefined":26,"s:233:6:239:Infinity":69,"b:233:10:233:32:233:32:233:49":27,"s:234:24:234:Infinity":70,"b:235:8:238:Infinity:undefined:undefined:undefined:undefined":28,"s:235:8:238:Infinity":71,"s:236:10:236:Infinity":72,"s:237:10:237:Infinity":73,"s:241:6:241:Infinity":74,"s:243:6:250:Infinity":75,"b:246:37:246:55:246:55:246:70":29,"s:252:29:252:Infinity":76,"b:253:6:256:Infinity:undefined:undefined:undefined:undefined":30,"s:253:6:256:Infinity":77,"s:254:8:254:Infinity":78,"s:255:8:255:Infinity":79,"s:258:23:258:Infinity":80,"s:259:30:259:Infinity":81,"f:259:59:259:64":13,"s:259:64:259:86":82,"b:260:6:260:Infinity:undefined:undefined:undefined:undefined":31,"s:260:6:260:Infinity":83,"s:260:28:260:Infinity":84,"s:262:23:262:Infinity":85,"s:263:18:263:Infinity":86,"b:265:6:268:Infinity:undefined:undefined:undefined:undefined":32,"s:265:6:268:Infinity":87,"b:265:10:265:20:265:20:265:64":33,"s:266:8:266:Infinity":88,"s:267:8:267:Infinity":89,"b:270:6:273:Infinity:undefined:undefined:undefined:undefined":34,"s:270:6:273:Infinity":90,"b:270:10:270:31:270:31:270:47":35,"s:271:8:271:Infinity":91,"s:272:8:272:Infinity":92,"s:275:22:275:Infinity":93,"b:275:45:275:66:275:66:275:70":36,"b:275:70:275:88:275:88:275:92":37,"b:278:6:314:Infinity:undefined:undefined:undefined:undefined":38,"s:278:6:314:Infinity":94,"b:278:10:278:24:278:24:278:56":39,"b:279:8:312:Infinity:286:8:312:Infinity":40,"s:279:8:312:Infinity":95,"s:281:10:281:Infinity":96,"b:282:10:284:Infinity:undefined:undefined:undefined:undefined":41,"s:282:10:284:Infinity":97,"b:282:14:282:35:282:35:282:51":42,"s:283:12:283:Infinity":98,"s:285:10:285:Infinity":99,"b:286:8:312:Infinity:undefined:undefined:undefined:undefined":43,"s:286:8:312:Infinity":100,"s:288:28:288:Infinity":101,"b:289:10:311:Infinity:undefined:undefined:undefined:undefined":44,"s:289:10:311:Infinity":102,"s:290:39:290:Infinity":103,"b:290:39:290:85:290:85:290:Infinity":45,"b:292:12:310:Infinity:303:19:310:Infinity":46,"s:292:12:310:Infinity":104,"b:292:16:292:39:292:39:292:101":47,"s:294:14:294:Infinity":105,"s:295:14:302:Infinity":106,"s:305:14:305:Infinity":107,"b:306:14:308:Infinity:undefined:undefined:undefined:undefined":48,"s:306:14:308:Infinity":108,"b:306:18:306:39:306:39:306:55":49,"s:307:16:307:Infinity":109,"s:309:14:309:Infinity":110,"b:316:6:330:Infinity:undefined:undefined:undefined:undefined":50,"s:316:6:330:Infinity":111,"s:317:8:326:Infinity":112,"b:321:16:321:Infinity:322:16:322:Infinity":51,"s:327:8:327:Infinity":113,"s:328:8:328:Infinity":114,"s:329:8:329:Infinity":115,"s:332:6:332:Infinity":116,"s:333:6:333:Infinity":117,"s:335:35:346:Infinity":118,"f:336:16:336:17":14,"s:337:23:337:Infinity":119,"s:338:10:338:Infinity":120,"b:338:17:338:41:338:41:338:Infinity":52,"f:340:13:340:14":15,"s:341:23:341:Infinity":121,"b:342:10:342:Infinity:undefined:undefined:undefined:undefined":53,"s:342:10:342:Infinity":122,"s:342:36:342:Infinity":123,"b:343:10:343:Infinity:undefined:undefined:undefined:undefined":54,"s:343:10:343:Infinity":124,"s:343:36:343:Infinity":125,"s:344:10:344:Infinity":126,"f:346:16:346:17":16,"s:346:41:346:51":127,"b:348:6:351:Infinity:undefined:undefined:undefined:undefined":55,"s:348:6:351:Infinity":128,"s:349:8:349:Infinity":129,"s:350:8:350:Infinity":130,"s:353:6:360:Infinity":131,"s:363:6:363:Infinity":132,"s:366:23:377:Infinity":133,"f:366:33:366:34":17,"b:367:8:369:Infinity:undefined:undefined:undefined:undefined":56,"s:367:8:369:Infinity":134,"s:368:10:368:Infinity":135,"s:372:8:376:Infinity":136,"b:375:16:375:34:375:34:375:Infinity":57,"s:379:6:385:Infinity":137,"s:387:6:394:Infinity":138,"s:396:6:396:Infinity":139,"s:401:6:401:Infinity":140,"b:402:6:404:Infinity:undefined:undefined:undefined:undefined":58,"s:402:6:404:Infinity":141,"s:403:8:403:Infinity":142,"s:408:2:443:Infinity":143,"f:409:11:409:18":18,"b:410:6:415:Infinity:undefined:undefined:undefined:undefined":59,"s:410:6:415:Infinity":144,"s:411:37:411:Infinity":145,"b:412:8:414:Infinity:undefined:undefined:undefined:undefined":60,"s:412:8:414:Infinity":146,"b:412:12:412:25:412:25:412:34:412:34:412:59":61,"s:413:10:413:Infinity":147,"b:417:6:422:Infinity:undefined:undefined:undefined:undefined":62,"s:417:6:422:Infinity":148,"s:418:21:418:Infinity":149,"b:419:8:421:Infinity:undefined:undefined:undefined:undefined":63,"s:419:8:421:Infinity":150,"b:419:12:419:27:419:27:419:57":64,"s:420:10:420:Infinity":151,"b:420:56:420:75:420:75:420:79":65,"b:420:79:420:95:420:95:420:97":66,"b:424:6:441:Infinity:undefined:undefined:undefined:undefined":67,"s:424:6:441:Infinity":152,"s:425:22:425:Infinity":153,"s:426:23:426:Infinity":154,"b:428:8:440:Infinity:undefined:undefined:undefined:undefined":68,"s:428:8:440:Infinity":155,"b:428:12:428:40:428:40:428:57":69,"s:429:26:429:Infinity":156,"s:431:12:434:Infinity":157,"b:431:12:431:Infinity:432:12:432:Infinity:433:12:433:Infinity:434:12:434:Infinity":70,"b:436:10:439:Infinity:undefined:undefined:undefined:undefined":71,"s:436:10:439:Infinity":158,"s:438:12:438:Infinity":159}}}
}
